This file contains any messages produced by compilers while
running configure, to aid debugging if configure makes a mistake.

It was created by tsim configure 0.84, which was
generated by GNU Autoconf 2.61.  Invocation command line was

  $ ./configure 

## --------- ##
## Platform. ##
## --------- ##

hostname = JergeComp
uname -m = x86_64
uname -r = 4.19.4-arch1-1-ARCH
uname -s = Linux
uname -v = #1 SMP PREEMPT Fri Nov 23 09:06:58 UTC 2018

/usr/bin/uname -p = unknown
/bin/uname -X     = unknown

/bin/arch              = unknown
/usr/bin/arch -k       = unknown
/usr/convex/getsysinfo = unknown
/usr/bin/hostinfo      = unknown
/bin/machine           = unknown
/usr/bin/oslevel       = unknown
/bin/universe          = unknown

PATH: /usr/local/bin
PATH: /usr/bin
PATH: /bin
PATH: /usr/local/sbin
PATH: /usr/lib/jvm/default/bin
PATH: /usr/bin/site_perl
PATH: /usr/bin/vendor_perl
PATH: /usr/bin/core_perl


## ----------- ##
## Core tests. ##
## ----------- ##

configure:1780: checking for a BSD-compatible install
configure:1836: result: /usr/bin/install -c
configure:1847: checking whether build environment is sane
configure:1890: result: yes
configure:1918: checking for a thread-safe mkdir -p
configure:1957: result: /usr/bin/mkdir -p
configure:1970: checking for gawk
configure:1986: found /usr/bin/gawk
configure:1997: result: gawk
configure:2008: checking whether make sets $(MAKE)
configure:2029: result: yes
configure:2270: checking for gcc
configure:2286: found /usr/bin/gcc
configure:2297: result: gcc
configure:2535: checking for C compiler version
configure:2542: gcc --version >&5
gcc (GCC) 8.2.1 20181127
Copyright (C) 2018 Free Software Foundation, Inc.
This is free software; see the source for copying conditions.  There is NO
warranty; not even for MERCHANTABILITY or FITNESS FOR A PARTICULAR PURPOSE.

configure:2545: $? = 0
configure:2552: gcc -v >&5
Using built-in specs.
COLLECT_GCC=gcc
COLLECT_LTO_WRAPPER=/usr/lib/gcc/x86_64-pc-linux-gnu/8.2.1/lto-wrapper
Target: x86_64-pc-linux-gnu
Configured with: /build/gcc/src/gcc/configure --prefix=/usr --libdir=/usr/lib --libexecdir=/usr/lib --mandir=/usr/share/man --infodir=/usr/share/info --with-bugurl=https://bugs.archlinux.org/ --enable-languages=c,c++,ada,fortran,go,lto,objc,obj-c++ --enable-shared --enable-threads=posix --enable-libmpx --with-system-zlib --with-isl --enable-__cxa_atexit --disable-libunwind-exceptions --enable-clocale=gnu --disable-libstdcxx-pch --disable-libssp --enable-gnu-unique-object --enable-linker-build-id --enable-lto --enable-plugin --enable-install-libiberty --with-linker-hash-style=gnu --enable-gnu-indirect-function --enable-multilib --disable-werror --enable-checking=release --enable-default-pie --enable-default-ssp --enable-cet=auto
Thread model: posix
gcc version 8.2.1 20181127 (GCC) 
configure:2555: $? = 0
configure:2562: gcc -V >&5
gcc: error: unrecognized command line option '-V'
gcc: fatal error: no input files
compilation terminated.
configure:2565: $? = 1
configure:2588: checking for C compiler default output file name
configure:2615: gcc    conftest.c  >&5
configure:2618: $? = 0
configure:2656: result: a.out
configure:2673: checking whether the C compiler works
configure:2683: ./a.out
configure:2686: $? = 0
configure:2703: result: yes
configure:2710: checking whether we are cross compiling
configure:2712: result: no
configure:2715: checking for suffix of executables
configure:2722: gcc -o conftest    conftest.c  >&5
configure:2725: $? = 0
configure:2749: result: 
configure:2755: checking for suffix of object files
configure:2781: gcc -c   conftest.c >&5
configure:2784: $? = 0
configure:2807: result: o
configure:2811: checking whether we are using the GNU C compiler
configure:2840: gcc -c   conftest.c >&5
configure:2846: $? = 0
configure:2863: result: yes
configure:2868: checking whether gcc accepts -g
configure:2898: gcc -c -g  conftest.c >&5
configure:2904: $? = 0
configure:3003: result: yes
configure:3020: checking for gcc option to accept ISO C89
configure:3094: gcc  -c -g -O2  conftest.c >&5
configure:3100: $? = 0
configure:3123: result: none needed
configure:3152: checking for style of include used by make
configure:3180: result: GNU
configure:3205: checking dependency style of gcc
configure:3296: result: gcc3
configure:3323: checking for XCopyArea in -lX11
configure:3358: gcc -o conftest -g -O2   conftest.c -lX11   >&5
configure:3364: $? = 0
configure:3382: result: yes
configure:3404: checking for XawDialogAddButton in -lXaw
configure:3439: gcc -o conftest -g -O2   conftest.c -lXaw  -lX11  >&5
configure:3445: $? = 0
configure:3463: result: yes
configure:3485: checking for XShapeQueryExtension in -lXext
configure:3520: gcc -o conftest -g -O2   conftest.c -lXext  -lXaw -lX11  >&5
configure:3526: $? = 0
configure:3544: result: yes
configure:3566: checking for XmuCreatePixmapFromBitmap in -lXmu
configure:3601: gcc -o conftest -g -O2   conftest.c -lXmu  -lXext -lXaw -lX11  >&5
configure:3607: $? = 0
configure:3625: result: yes
configure:3647: checking for XtCreateWindow in -lXt
configure:3682: gcc -o conftest -g -O2   conftest.c -lXt  -lXmu -lXext -lXaw -lX11  >&5
configure:3688: $? = 0
configure:3706: result: yes
configure:3738: checking how to run the C preprocessor
configure:3778: gcc -E  conftest.c
configure:3784: $? = 0
configure:3815: gcc -E  conftest.c
conftest.c:15:10: fatal error: ac_nonexistent.h: No such file or directory
 #include <ac_nonexistent.h>
          ^~~~~~~~~~~~~~~~~~
compilation terminated.
configure:3821: $? = 1
configure: failed program was:
| /* confdefs.h.  */
| #define PACKAGE_NAME "tsim"
| #define PACKAGE_TARNAME "tsim"
| #define PACKAGE_VERSION "0.84"
| #define PACKAGE_STRING "tsim 0.84"
| #define PACKAGE_BUGREPORT "staffan.bjornesjo@gmail.com"
| #define PACKAGE "tsim"
| #define VERSION "0.84"
| #define HAVE_LIBX11 1
| #define HAVE_LIBXAW 1
| #define HAVE_LIBXEXT 1
| #define HAVE_LIBXMU 1
| #define HAVE_LIBXT 1
| /* end confdefs.h.  */
| #include <ac_nonexistent.h>
configure:3854: result: gcc -E
configure:3883: gcc -E  conftest.c
configure:3889: $? = 0
configure:3920: gcc -E  conftest.c
conftest.c:15:10: fatal error: ac_nonexistent.h: No such file or directory
 #include <ac_nonexistent.h>
          ^~~~~~~~~~~~~~~~~~
compilation terminated.
configure:3926: $? = 1
configure: failed program was:
| /* confdefs.h.  */
| #define PACKAGE_NAME "tsim"
| #define PACKAGE_TARNAME "tsim"
| #define PACKAGE_VERSION "0.84"
| #define PACKAGE_STRING "tsim 0.84"
| #define PACKAGE_BUGREPORT "staffan.bjornesjo@gmail.com"
| #define PACKAGE "tsim"
| #define VERSION "0.84"
| #define HAVE_LIBX11 1
| #define HAVE_LIBXAW 1
| #define HAVE_LIBXEXT 1
| #define HAVE_LIBXMU 1
| #define HAVE_LIBXT 1
| /* end confdefs.h.  */
| #include <ac_nonexistent.h>
configure:3964: checking for X
configure:4079: gcc -E  conftest.c
configure:4085: $? = 0
configure:4134: gcc -o conftest -g -O2   conftest.c -lX11 -lXt -lXmu -lXext -lXaw -lX11  >&5
configure:4140: $? = 0
configure:4199: result: libraries , headers 
configure:4211: checking for dirent.h that defines DIR
configure:4240: gcc -c -g -O2  conftest.c >&5
configure:4246: $? = 0
configure:4262: result: yes
configure:4275: checking for library containing opendir
configure:4316: gcc -o conftest -g -O2   conftest.c -lXt -lXmu -lXext -lXaw -lX11  >&5
configure:4322: $? = 0
configure:4350: result: none required
configure:4444: checking for grep that handles long lines and -e
configure:4518: result: /usr/bin/grep
configure:4523: checking for egrep
configure:4601: result: /usr/bin/grep -E
configure:4606: checking for ANSI C header files
configure:4636: gcc -c -g -O2  conftest.c >&5
configure:4642: $? = 0
configure:4741: gcc -o conftest -g -O2   conftest.c -lXt -lXmu -lXext -lXaw -lX11  >&5
configure:4744: $? = 0
configure:4750: ./conftest
configure:4753: $? = 0
configure:4770: result: yes
configure:4780: checking for sys/wait.h that is POSIX.1 compatible
configure:4816: gcc -c -g -O2  conftest.c >&5
configure:4822: $? = 0
configure:4837: result: yes
configure:4861: checking for sys/types.h
configure:4882: gcc -c -g -O2  conftest.c >&5
configure:4888: $? = 0
configure:4904: result: yes
configure:4861: checking for sys/stat.h
configure:4882: gcc -c -g -O2  conftest.c >&5
configure:4888: $? = 0
configure:4904: result: yes
configure:4861: checking for stdlib.h
configure:4882: gcc -c -g -O2  conftest.c >&5
configure:4888: $? = 0
configure:4904: result: yes
configure:4861: checking for string.h
configure:4882: gcc -c -g -O2  conftest.c >&5
configure:4888: $? = 0
configure:4904: result: yes
configure:4861: checking for memory.h
configure:4882: gcc -c -g -O2  conftest.c >&5
configure:4888: $? = 0
configure:4904: result: yes
configure:4861: checking for strings.h
configure:4882: gcc -c -g -O2  conftest.c >&5
configure:4888: $? = 0
configure:4904: result: yes
configure:4861: checking for inttypes.h
configure:4882: gcc -c -g -O2  conftest.c >&5
configure:4888: $? = 0
configure:4904: result: yes
configure:4861: checking for stdint.h
configure:4882: gcc -c -g -O2  conftest.c >&5
configure:4888: $? = 0
configure:4904: result: yes
configure:4861: checking for unistd.h
configure:4882: gcc -c -g -O2  conftest.c >&5
configure:4888: $? = 0
configure:4904: result: yes
configure:4928: checking for stdlib.h
configure:4934: result: yes
configure:4928: checking for string.h
configure:4934: result: yes
configure:4928: checking for strings.h
configure:4934: result: yes
configure:4938: checking sys/ioctl.h usability
configure:4955: gcc -c -g -O2  conftest.c >&5
configure:4961: $? = 0
configure:4975: result: yes
configure:4979: checking sys/ioctl.h presence
configure:4994: gcc -E  conftest.c
configure:5000: $? = 0
configure:5014: result: yes
configure:5047: checking for sys/ioctl.h
configure:5055: result: yes
configure:4938: checking sys/param.h usability
configure:4955: gcc -c -g -O2  conftest.c >&5
configure:4961: $? = 0
configure:4975: result: yes
configure:4979: checking sys/param.h presence
configure:4994: gcc -E  conftest.c
configure:5000: $? = 0
configure:5014: result: yes
configure:5047: checking for sys/param.h
configure:5055: result: yes
configure:4928: checking for unistd.h
configure:4934: result: yes
configure:4938: checking X11/Xaw/Toggle.h usability
configure:4955: gcc -c -g -O2  conftest.c >&5
configure:4961: $? = 0
configure:4975: result: yes
configure:4979: checking X11/Xaw/Toggle.h presence
configure:4994: gcc -E  conftest.c
configure:5000: $? = 0
configure:5014: result: yes
configure:5047: checking for X11/Xaw/Toggle.h
configure:5055: result: yes
configure:5070: checking for an ANSI C-conforming const
configure:5145: gcc -c -g -O2  conftest.c >&5
configure:5151: $? = 0
configure:5166: result: yes
configure:5178: checking whether closedir returns void
configure:5212: gcc -o conftest -g -O2   conftest.c -lXt -lXmu -lXext -lXaw -lX11  >&5
configure:5215: $? = 0
configure:5221: ./conftest
configure:5224: $? = 0
configure:5240: result: no
configure:5250: checking for pid_t
configure:5280: gcc -c -g -O2  conftest.c >&5
configure:5286: $? = 0
configure:5301: result: yes
configure:5328: checking vfork.h usability
configure:5345: gcc -c -g -O2  conftest.c >&5
conftest.c:67:10: fatal error: vfork.h: No such file or directory
 #include <vfork.h>
          ^~~~~~~~~
compilation terminated.
configure:5351: $? = 1
configure: failed program was:
| /* confdefs.h.  */
| #define PACKAGE_NAME "tsim"
| #define PACKAGE_TARNAME "tsim"
| #define PACKAGE_VERSION "0.84"
| #define PACKAGE_STRING "tsim 0.84"
| #define PACKAGE_BUGREPORT "staffan.bjornesjo@gmail.com"
| #define PACKAGE "tsim"
| #define VERSION "0.84"
| #define HAVE_LIBX11 1
| #define HAVE_LIBXAW 1
| #define HAVE_LIBXEXT 1
| #define HAVE_LIBXMU 1
| #define HAVE_LIBXT 1
| #define HAVE_DIRENT_H 1
| #define STDC_HEADERS 1
| #define HAVE_SYS_WAIT_H 1
| #define HAVE_SYS_TYPES_H 1
| #define HAVE_SYS_STAT_H 1
| #define HAVE_STDLIB_H 1
| #define HAVE_STRING_H 1
| #define HAVE_MEMORY_H 1
| #define HAVE_STRINGS_H 1
| #define HAVE_INTTYPES_H 1
| #define HAVE_STDINT_H 1
| #define HAVE_UNISTD_H 1
| #define HAVE_STDLIB_H 1
| #define HAVE_STRING_H 1
| #define HAVE_STRINGS_H 1
| #define HAVE_SYS_IOCTL_H 1
| #define HAVE_SYS_PARAM_H 1
| #define HAVE_UNISTD_H 1
| #define HAVE_X11_XAW_TOGGLE_H 1
| /* end confdefs.h.  */
| #include <stdio.h>
| #ifdef HAVE_SYS_TYPES_H
| # include <sys/types.h>
| #endif
| #ifdef HAVE_SYS_STAT_H
| # include <sys/stat.h>
| #endif
| #ifdef STDC_HEADERS
| # include <stdlib.h>
| # include <stddef.h>
| #else
| # ifdef HAVE_STDLIB_H
| #  include <stdlib.h>
| # endif
| #endif
| #ifdef HAVE_STRING_H
| # if !defined STDC_HEADERS && defined HAVE_MEMORY_H
| #  include <memory.h>
| # endif
| # include <string.h>
| #endif
| #ifdef HAVE_STRINGS_H
| # include <strings.h>
| #endif
| #ifdef HAVE_INTTYPES_H
| # include <inttypes.h>
| #endif
| #ifdef HAVE_STDINT_H
| # include <stdint.h>
| #endif
| #ifdef HAVE_UNISTD_H
| # include <unistd.h>
| #endif
| #include <vfork.h>
configure:5365: result: no
configure:5369: checking vfork.h presence
configure:5384: gcc -E  conftest.c
conftest.c:34:10: fatal error: vfork.h: No such file or directory
 #include <vfork.h>
          ^~~~~~~~~
compilation terminated.
configure:5390: $? = 1
configure: failed program was:
| /* confdefs.h.  */
| #define PACKAGE_NAME "tsim"
| #define PACKAGE_TARNAME "tsim"
| #define PACKAGE_VERSION "0.84"
| #define PACKAGE_STRING "tsim 0.84"
| #define PACKAGE_BUGREPORT "staffan.bjornesjo@gmail.com"
| #define PACKAGE "tsim"
| #define VERSION "0.84"
| #define HAVE_LIBX11 1
| #define HAVE_LIBXAW 1
| #define HAVE_LIBXEXT 1
| #define HAVE_LIBXMU 1
| #define HAVE_LIBXT 1
| #define HAVE_DIRENT_H 1
| #define STDC_HEADERS 1
| #define HAVE_SYS_WAIT_H 1
| #define HAVE_SYS_TYPES_H 1
| #define HAVE_SYS_STAT_H 1
| #define HAVE_STDLIB_H 1
| #define HAVE_STRING_H 1
| #define HAVE_MEMORY_H 1
| #define HAVE_STRINGS_H 1
| #define HAVE_INTTYPES_H 1
| #define HAVE_STDINT_H 1
| #define HAVE_UNISTD_H 1
| #define HAVE_STDLIB_H 1
| #define HAVE_STRING_H 1
| #define HAVE_STRINGS_H 1
| #define HAVE_SYS_IOCTL_H 1
| #define HAVE_SYS_PARAM_H 1
| #define HAVE_UNISTD_H 1
| #define HAVE_X11_XAW_TOGGLE_H 1
| /* end confdefs.h.  */
| #include <vfork.h>
configure:5404: result: no
configure:5437: checking for vfork.h
configure:5445: result: no
configure:5463: checking for fork
configure:5519: gcc -o conftest -g -O2   conftest.c -lXt -lXmu -lXext -lXaw -lX11  >&5
conftest.c:57:6: warning: conflicting types for built-in function 'fork' [-Wbuiltin-declaration-mismatch]
 char fork ();
      ^~~~
configure:5525: $? = 0
configure:5543: result: yes
configure:5463: checking for vfork
configure:5519: gcc -o conftest -g -O2   conftest.c -lXt -lXmu -lXext -lXaw -lX11  >&5
configure:5525: $? = 0
configure:5543: result: yes
configure:5554: checking for working fork
configure:5586: gcc -o conftest -g -O2   conftest.c -lXt -lXmu -lXext -lXaw -lX11  >&5
configure:5589: $? = 0
configure:5595: ./conftest
configure:5598: $? = 0
configure:5614: result: yes
configure:5635: checking for working vfork
configure:5773: result: yes
configure:5805: checking whether gcc needs -traditional
configure:5847: result: no
configure:5859: checking for stdlib.h
configure:5865: result: yes
configure:5999: checking for GNU libc compatible malloc
configure:6033: gcc -o conftest -g -O2   conftest.c -lXt -lXmu -lXext -lXaw -lX11  >&5
configure:6036: $? = 0
configure:6042: ./conftest
configure:6045: $? = 0
configure:6061: result: yes
configure:6089: checking whether lstat dereferences a symlink specified with a trailing slash
configure:6125: gcc -o conftest -g -O2   conftest.c -lXt -lXmu -lXext -lXaw -lX11  >&5
configure:6128: $? = 0
configure:6134: ./conftest
configure:6137: $? = 0
configure:6160: result: yes
configure:6179: checking whether stat accepts an empty string
configure:6209: gcc -o conftest -g -O2   conftest.c -lXt -lXmu -lXext -lXaw -lX11  >&5
configure:6212: $? = 0
configure:6218: ./conftest
configure:6221: $? = 0
configure:6237: result: no
configure:6253: checking for wait3 that fills in rusage
configure:6309: gcc -o conftest -g -O2   conftest.c -lXt -lXmu -lXext -lXaw -lX11  >&5
configure:6312: $? = 0
configure:6318: ./conftest
configure:6321: $? = 0
configure:6337: result: yes
configure:6353: checking for strcasecmp
configure:6409: gcc -o conftest -g -O2   conftest.c -lXt -lXmu -lXext -lXaw -lX11  >&5
conftest.c:65:6: warning: conflicting types for built-in function 'strcasecmp' [-Wbuiltin-declaration-mismatch]
 char strcasecmp ();
      ^~~~~~~~~~
configure:6415: $? = 0
configure:6433: result: yes
configure:6353: checking for strdup
configure:6409: gcc -o conftest -g -O2   conftest.c -lXt -lXmu -lXext -lXaw -lX11  >&5
conftest.c:66:6: warning: conflicting types for built-in function 'strdup' [-Wbuiltin-declaration-mismatch]
 char strdup ();
      ^~~~~~
configure:6415: $? = 0
configure:6433: result: yes
configure:6353: checking for strstr
configure:6409: gcc -o conftest -g -O2   conftest.c -lXt -lXmu -lXext -lXaw -lX11  >&5
conftest.c:67:6: warning: conflicting types for built-in function 'strstr' [-Wbuiltin-declaration-mismatch]
 char strstr ();
      ^~~~~~
configure:6415: $? = 0
configure:6433: result: yes
configure:6553: creating ./config.status

## ---------------------- ##
## Running config.status. ##
## ---------------------- ##

This file was extended by tsim config.status 0.84, which was
generated by GNU Autoconf 2.61.  Invocation command line was

  CONFIG_FILES    = 
  CONFIG_HEADERS  = 
  CONFIG_LINKS    = 
  CONFIG_COMMANDS = 
  $ ./config.status 

on JergeComp

config.status:641: creating Makefile
config.status:641: creating bitmaps/Makefile
config.status:641: creating bitmaps/customBitmaps/Makefile
config.status:641: creating maps/Makefile
config.status:641: creating sounds/Makefile
config.status:641: creating src/Makefile
config.status:641: creating config.h
config.status:939: executing depfiles commands

## ---------------- ##
## Cache variables. ##
## ---------------- ##

ac_cv_c_compiler_gnu=yes
ac_cv_c_const=yes
ac_cv_env_CC_set=
ac_cv_env_CC_value=
ac_cv_env_CFLAGS_set=
ac_cv_env_CFLAGS_value=
ac_cv_env_CPPFLAGS_set=
ac_cv_env_CPPFLAGS_value=
ac_cv_env_CPP_set=
ac_cv_env_CPP_value=
ac_cv_env_LDFLAGS_set=
ac_cv_env_LDFLAGS_value=
ac_cv_env_LIBS_set=
ac_cv_env_LIBS_value=
ac_cv_env_XMKMF_set=
ac_cv_env_XMKMF_value=
ac_cv_env_build_alias_set=
ac_cv_env_build_alias_value=
ac_cv_env_host_alias_set=
ac_cv_env_host_alias_value=
ac_cv_env_target_alias_set=
ac_cv_env_target_alias_value=
ac_cv_func_closedir_void=no
ac_cv_func_fork=yes
ac_cv_func_fork_works=yes
ac_cv_func_lstat_dereferences_slashed_symlink=yes
ac_cv_func_malloc_0_nonnull=yes
ac_cv_func_stat_empty_string_bug=no
ac_cv_func_strcasecmp=yes
ac_cv_func_strdup=yes
ac_cv_func_strstr=yes
ac_cv_func_vfork=yes
ac_cv_func_vfork_works=yes
ac_cv_func_wait3_rusage=yes
ac_cv_have_x='have_x=yes	ac_x_includes='\'''\''	ac_x_libraries='\'''\'''
ac_cv_header_X11_Xaw_Toggle_h=yes
ac_cv_header_dirent_dirent_h=yes
ac_cv_header_inttypes_h=yes
ac_cv_header_memory_h=yes
ac_cv_header_stdc=yes
ac_cv_header_stdint_h=yes
ac_cv_header_stdlib_h=yes
ac_cv_header_string_h=yes
ac_cv_header_strings_h=yes
ac_cv_header_sys_ioctl_h=yes
ac_cv_header_sys_param_h=yes
ac_cv_header_sys_stat_h=yes
ac_cv_header_sys_types_h=yes
ac_cv_header_sys_wait_h=yes
ac_cv_header_unistd_h=yes
ac_cv_header_vfork_h=no
ac_cv_lib_X11_XCopyArea=yes
ac_cv_lib_Xaw_XawDialogAddButton=yes
ac_cv_lib_Xext_XShapeQueryExtension=yes
ac_cv_lib_Xmu_XmuCreatePixmapFromBitmap=yes
ac_cv_lib_Xt_XtCreateWindow=yes
ac_cv_objext=o
ac_cv_path_EGREP='/usr/bin/grep -E'
ac_cv_path_GREP=/usr/bin/grep
ac_cv_path_install='/usr/bin/install -c'
ac_cv_path_mkdir=/usr/bin/mkdir
ac_cv_prog_AWK=gawk
ac_cv_prog_CPP='gcc -E'
ac_cv_prog_ac_ct_CC=gcc
ac_cv_prog_cc_c89=
ac_cv_prog_cc_g=yes
ac_cv_prog_gcc_traditional=no
ac_cv_prog_make_make_set=yes
ac_cv_search_opendir='none required'
ac_cv_type_pid_t=yes
am_cv_CC_dependencies_compiler_type=gcc3

## ----------------- ##
## Output variables. ##
## ----------------- ##

ACLOCAL='${SHELL} /home/jerge/git/TDA384/TDA384-Concurrent-Programming/tsim-0.84/tsim/missing --run aclocal-1.10'
AMDEPBACKSLASH='\'
AMDEP_FALSE='#'
AMDEP_TRUE=''
AMTAR='${SHELL} /home/jerge/git/TDA384/TDA384-Concurrent-Programming/tsim-0.84/tsim/missing --run tar'
AUTOCONF='${SHELL} /home/jerge/git/TDA384/TDA384-Concurrent-Programming/tsim-0.84/tsim/missing --run autoconf'
AUTOHEADER='${SHELL} /home/jerge/git/TDA384/TDA384-Concurrent-Programming/tsim-0.84/tsim/missing --run autoheader'
AUTOMAKE='${SHELL} /home/jerge/git/TDA384/TDA384-Concurrent-Programming/tsim-0.84/tsim/missing --run automake-1.10'
AWK='gawk'
CC='gcc'
CCDEPMODE='depmode=gcc3'
CFLAGS='-g -O2'
CPP='gcc -E'
CPPFLAGS=''
CYGPATH_W='echo'
DEFS='-DHAVE_CONFIG_H'
DEPDIR='.deps'
ECHO_C=''
ECHO_N='-n'
ECHO_T=''
EGREP='/usr/bin/grep -E'
EXEEXT=''
GREP='/usr/bin/grep'
INSTALL_DATA='${INSTALL} -m 644'
INSTALL_PROGRAM='${INSTALL}'
INSTALL_SCRIPT='${INSTALL}'
INSTALL_STRIP_PROGRAM='$(install_sh) -c -s'
LDFLAGS=''
LIBOBJS=''
LIBS='-lXt -lXmu -lXext -lXaw -lX11 '
LTLIBOBJS=''
MAKEINFO='${SHELL} /home/jerge/git/TDA384/TDA384-Concurrent-Programming/tsim-0.84/tsim/missing --run makeinfo'
OBJEXT='o'
PACKAGE='tsim'
PACKAGE_BUGREPORT='staffan.bjornesjo@gmail.com'
PACKAGE_NAME='tsim'
PACKAGE_STRING='tsim 0.84'
PACKAGE_TARNAME='tsim'
PACKAGE_VERSION='0.84'
PATH_SEPARATOR=':'
SET_MAKE=''
SHELL='/bin/sh'
STRIP=''
VERSION='0.84'
XMKMF=''
ac_ct_CC='gcc'
am__fastdepCC_FALSE='#'
am__fastdepCC_TRUE=''
am__include='include'
am__isrc=''
am__leading_dot='.'
am__quote=''
am__tar='${AMTAR} chof - "$$tardir"'
am__untar='${AMTAR} xf -'
bindir='${exec_prefix}/bin'
build_alias=''
datadir='${datarootdir}'
datarootdir='${prefix}/share'
docdir='${datarootdir}/doc/${PACKAGE_TARNAME}'
dvidir='${docdir}'
exec_prefix='${prefix}'
host_alias=''
htmldir='${docdir}'
includedir='${prefix}/include'
infodir='${datarootdir}/info'
install_sh='$(SHELL) /home/jerge/git/TDA384/TDA384-Concurrent-Programming/tsim-0.84/tsim/install-sh'
libdir='${exec_prefix}/lib'
libexecdir='${exec_prefix}/libexec'
localedir='${datarootdir}/locale'
localstatedir='${prefix}/var'
mandir='${datarootdir}/man'
mkdir_p='/usr/bin/mkdir -p'
oldincludedir='/usr/include'
pdfdir='${docdir}'
prefix='/usr/local'
program_transform_name='s,x,x,'
psdir='${docdir}'
sbindir='${exec_prefix}/sbin'
sharedstatedir='${prefix}/com'
sysconfdir='${prefix}/etc'
target_alias=''

## ----------- ##
## confdefs.h. ##
## ----------- ##

#define PACKAGE_NAME "tsim"
#define PACKAGE_TARNAME "tsim"
#define PACKAGE_VERSION "0.84"
#define PACKAGE_STRING "tsim 0.84"
#define PACKAGE_BUGREPORT "staffan.bjornesjo@gmail.com"
#define PACKAGE "tsim"
#define VERSION "0.84"
#define HAVE_LIBX11 1
#define HAVE_LIBXAW 1
#define HAVE_LIBXEXT 1
#define HAVE_LIBXMU 1
#define HAVE_LIBXT 1
#define HAVE_DIRENT_H 1
#define STDC_HEADERS 1
#define HAVE_SYS_WAIT_H 1
#define HAVE_SYS_TYPES_H 1
#define HAVE_SYS_STAT_H 1
#define HAVE_STDLIB_H 1
#define HAVE_STRING_H 1
#define HAVE_MEMORY_H 1
#define HAVE_STRINGS_H 1
#define HAVE_INTTYPES_H 1
#define HAVE_STDINT_H 1
#define HAVE_UNISTD_H 1
#define HAVE_STDLIB_H 1
#define HAVE_STRING_H 1
#define HAVE_STRINGS_H 1
#define HAVE_SYS_IOCTL_H 1
#define HAVE_SYS_PARAM_H 1
#define HAVE_UNISTD_H 1
#define HAVE_X11_XAW_TOGGLE_H 1
#define HAVE_FORK 1
#define HAVE_VFORK 1
#define HAVE_WORKING_VFORK 1
#define HAVE_WORKING_FORK 1
#define HAVE_STDLIB_H 1
#define HAVE_MALLOC 1
#define LSTAT_FOLLOWS_SLASHED_SYMLINK 1
#define HAVE_WAIT3 1
#define HAVE_STRCASECMP 1
#define HAVE_STRDUP 1
#define HAVE_STRSTR 1

configure: exit 0
